<?xml version="1.0" ?>
<!DOCTYPE coverage SYSTEM "http://cobertura.sourceforge.net/xml/coverage-04.dtd">
<coverage lines-valid="3" lines-covered="3" line-rate="1" branches-valid="0" branches-covered="0" branch-rate="1" timestamp="1558025300917" complexity="0" version="0.1">
  <sources>
    <source>/private/tmp/test-jest</source>
  </sources>
  <packages>
    <class name="action.js" filename="src/action.js" line-rate="1" branch-rate="1">
      <methods>
        <method name="walk" hits="1" signature="()V">
          <lines>
            <line number="1" hits="1"/>
          </lines>
        </method>
        <method name="run" hits="1" signature="()V">
          <lines>
            <line number="5" hits="1"/>
          </lines>
        </method>
      </methods>
      <lines>
        <line number="2" hits="1" branch="false"/>
        <line number="6" hits="1" branch="false"/>
        <line number="9" hits="1" branch="false"/>
      </lines>
    </class>
  </packages>
</coverage>
